<?xml version="1.0" encoding="UTF-8"?>
<testng-results ignored="0" total="1" passed="1" failed="0" skipped="0">
  <reporter-output>
  </reporter-output>
  <suite started-at="2023-09-06T20:21:37 IST" name="Default suite" finished-at="2023-09-06T20:21:49 IST" duration-ms="12879">
    <groups>
    </groups>
    <test started-at="2023-09-06T20:21:37 IST" name="Default test" finished-at="2023-09-06T20:21:49 IST" duration-ms="12879">
      <class name="TestNg.TestNg_Assertions">
        <test-method signature="assertions()[pri:0, instance:TestNg.TestNg_Assertions@7ce3cb8e]" started-at="2023-09-06T20:21:37 IST" name="assertions" finished-at="2023-09-06T20:21:49 IST" duration-ms="12766" status="PASS">
          <reporter-output>
          </reporter-output>
        </test-method> <!-- assertions -->
      </class> <!-- TestNg.TestNg_Assertions -->
    </test> <!-- Default test -->
  </suite> <!-- Default suite -->
</testng-results>
